App/build/intermediates/manifest_merge_blame_file/debug/manifest-merger-blame-debug-report.txt
1<?xml version="1.0" encoding="utf-8"?>
2<manifest xmlns:android="http://schemas.android.com/apk/res/android"
3    package="com.vatsal.android.digitaldetox"
4    android:versionCode="1"
5    android:versionName="1.0" >
6
7    <uses-sdk
8        android:minSdkVersion="21"
8-->src\main\AndroidManifest.xml
9        android:targetSdkVersion="30" />
9-->src\main\AndroidManifest.xml
10
11    <uses-permission android:name="android.permission.PACKAGE_USAGE_STATS" />
11-->src\main\AndroidManifest.xml:9:5-10:47
11-->src\main\AndroidManifest.xml:9:22-75
12    <uses-permission android:name="android.permission.RECEIVE_BOOT_COMPLETED" />
12-->src\main\AndroidManifest.xml:11:5-81
12-->src\main\AndroidManifest.xml:11:22-78
13    <uses-permission android:name="android.permission.INTERNET" />
13-->src\main\AndroidManifest.xml:12:5-67
13-->src\main\AndroidManifest.xml:12:22-64
14
15    <application
15-->src\main\AndroidManifest.xml:14:5-63:19
16        android:name="com.vatsal.android.digitaldetox.utils.MyApplication"
16-->src\main\AndroidManifest.xml:15:9-44
17        android:allowBackup="true"
17-->src\main\AndroidManifest.xml:16:9-35
18        android:appComponentFactory="android.support.v4.app.CoreComponentFactory"
18-->[com.android.support:support-compat:28.0.0] AndroidManifest.xml:22:18-91
19        android:debuggable="true"
20        android:icon="@drawable/ic_launcher"
20-->src\main\AndroidManifest.xml:18:9-45
21        android:label="@string/app_name"
21-->src\main\AndroidManifest.xml:17:9-41
22        android:networkSecurityConfig="@xml/network_security_config"
22-->src\main\AndroidManifest.xml:21:9-69
23        android:theme="@style/Theme.AppCompat.Light"
23-->src\main\AndroidManifest.xml:19:9-53
24        android:usesCleartextTraffic="true" >
24-->src\main\AndroidManifest.xml:20:9-44
25        <activity
25-->src\main\AndroidManifest.xml:25:9-32:20
26            android:name="com.vatsal.android.digitaldetox.activities.AppUsageStatisticsActivity"
26-->src\main\AndroidManifest.xml:25:19-72
27            android:label="@string/app_name"
27-->src\main\AndroidManifest.xml:26:19-51
28            android:theme="@style/AppTheme" >
28-->src\main\AndroidManifest.xml:27:13-44
29            <intent-filter>
29-->src\main\AndroidManifest.xml:28:13-31:29
30                <action android:name="android.intent.action.MAIN" />
30-->src\main\AndroidManifest.xml:29:17-69
30-->src\main\AndroidManifest.xml:29:25-66
31
32                <category android:name="android.intent.category.LAUNCHER" />
32-->src\main\AndroidManifest.xml:30:17-77
32-->src\main\AndroidManifest.xml:30:27-74
33            </intent-filter>
34        </activity>
35        <activity
35-->src\main\AndroidManifest.xml:34:9-35:58
36            android:name="com.vatsal.android.digitaldetox.activities.NotificationActivity"
36-->src\main\AndroidManifest.xml:34:19-66
37            android:theme="@style/AppTheme.NoActionBar" />
37-->src\main\AndroidManifest.xml:35:13-56
38        <activity
38-->src\main\AndroidManifest.xml:36:9-38:38
39            android:name="com.vatsal.android.digitaldetox.activities.OptionsActivity"
39-->src\main\AndroidManifest.xml:36:19-61
40            android:label="options"
40-->src\main\AndroidManifest.xml:38:13-36
41            android:theme="@style/AppTheme.NoActionBar" />
41-->src\main\AndroidManifest.xml:37:13-56
42
43        <receiver
43-->src\main\AndroidManifest.xml:40:9-50:20
44            android:name="com.vatsal.android.digitaldetox.receiver.MonitorBootReceiver"
44-->src\main\AndroidManifest.xml:44:13-57
45            android:enabled="true"
45-->src\main\AndroidManifest.xml:41:13-35
46            android:exported="true"
46-->src\main\AndroidManifest.xml:42:13-36
47            android:permission="android.permission.RECEIVE_BOOT_COMPLETED" >
47-->src\main\AndroidManifest.xml:43:13-75
48            <intent-filter>
48-->src\main\AndroidManifest.xml:45:13-49:29
49                <action android:name="android.intent.action.BOOT_COMPLETED" />
49-->src\main\AndroidManifest.xml:46:17-79
49-->src\main\AndroidManifest.xml:46:25-76
50                <action android:name="android.intent.action.QUICKBOOT_POWERON" />
50-->src\main\AndroidManifest.xml:47:17-82
50-->src\main\AndroidManifest.xml:47:25-79
51
52                <category android:name="android.intent.category.DEFAULT" />
52-->src\main\AndroidManifest.xml:48:17-76
52-->src\main\AndroidManifest.xml:48:27-73
53            </intent-filter>
54        </receiver>
55
56        <service android:name="com.vatsal.android.digitaldetox.services.Monitor" />
56-->src\main\AndroidManifest.xml:52:9-53
56-->src\main\AndroidManifest.xml:52:18-50
57        <service android:name="com.vatsal.android.digitaldetox.services.NotificationService" />
57-->src\main\AndroidManifest.xml:53:9-65
57-->src\main\AndroidManifest.xml:53:18-62
58        <service android:name="com.vatsal.android.digitaldetox.services.PopulateDatabaseService" />
58-->src\main\AndroidManifest.xml:55:9-69
58-->src\main\AndroidManifest.xml:55:18-66
59
60        <receiver android:name="com.vatsal.android.digitaldetox.receiver.BootCompletedReceiver" >
60-->src\main\AndroidManifest.xml:57:9-61:20
60-->src\main\AndroidManifest.xml:57:19-65
61            <intent-filter>
61-->src\main\AndroidManifest.xml:58:13-60:29
62                <action android:name="android.intent.action.BOOT_COMPLETED" />
62-->src\main\AndroidManifest.xml:46:17-79
62-->src\main\AndroidManifest.xml:46:25-76
63            </intent-filter>
64        </receiver>
65
66        <provider
66-->[android.arch.lifecycle:extensions:1.1.1] AndroidManifest.xml:23:9-27:43
67            android:name="android.arch.lifecycle.ProcessLifecycleOwnerInitializer"
67-->[android.arch.lifecycle:extensions:1.1.1] AndroidManifest.xml:24:13-83
68            android:authorities="com.vatsal.android.digitaldetox.lifecycle-trojan"
68-->[android.arch.lifecycle:extensions:1.1.1] AndroidManifest.xml:25:13-68
69            android:exported="false"
69-->[android.arch.lifecycle:extensions:1.1.1] AndroidManifest.xml:26:13-37
70            android:multiprocess="true" />
70-->[android.arch.lifecycle:extensions:1.1.1] AndroidManifest.xml:27:13-40
71    </application>
72
73</manifest>